[0.007s] Invoking command in '/home/mira/biped_ws/build/biped_description': CMAKE_PREFIX_PATH=/opt/ros/humble /usr/bin/cmake /home/mira/biped_ws/src/biped_description -DCMAKE_INSTALL_PREFIX=/home/mira/biped_ws/install/biped_description
[0.045s] -- The C compiler identification is GNU 13.3.0
[0.078s] -- The CXX compiler identification is GNU 13.3.0
[0.082s] -- Detecting C compiler ABI info
[0.127s] -- Detecting C compiler ABI info - done
[0.132s] -- Check for working C compiler: /usr/bin/cc - skipped
[0.132s] -- Detecting C compile features
[0.132s] -- Detecting C compile features - done
[0.134s] -- Detecting CXX compiler ABI info
[0.183s] -- Detecting CXX compiler ABI info - done
[0.186s] -- Check for working CXX compiler: /usr/bin/c++ - skipped
[0.186s] -- Detecting CXX compile features
[0.187s] -- Detecting CXX compile features - done
[0.192s] -- Found ament_cmake: 1.3.12 (/opt/ros/humble/share/ament_cmake/cmake)
[0.307s] -- Found Python3: /usr/bin/python3 (found version "3.10.12") found components: Interpreter 
[0.380s] -- Found ament_lint_auto: 0.12.14 (/opt/ros/humble/share/ament_lint_auto/cmake)
[0.438s] -- Added test 'flake8' to check Python code syntax and style conventions
[0.438s] -- Added test 'lint_cmake' to check CMake code style
[0.439s] -- Added test 'pep257' to check Python code against some of the docstring style conventions in PEP 257
[0.439s] -- Added test 'xmllint' to check XML markup files
[0.440s] -- Configuring done
[0.441s] -- Generating done
[0.442s] -- Build files have been written to: /home/mira/biped_ws/build/biped_description
[0.444s] Invoked command in '/home/mira/biped_ws/build/biped_description' returned '0': CMAKE_PREFIX_PATH=/opt/ros/humble /usr/bin/cmake /home/mira/biped_ws/src/biped_description -DCMAKE_INSTALL_PREFIX=/home/mira/biped_ws/install/biped_description
[0.446s] Invoking command in '/home/mira/biped_ws/build/biped_description': CMAKE_PREFIX_PATH=/opt/ros/humble /usr/bin/cmake --build /home/mira/biped_ws/build/biped_description -- -j32 -l32
[0.471s] Invoked command in '/home/mira/biped_ws/build/biped_description' returned '0': CMAKE_PREFIX_PATH=/opt/ros/humble /usr/bin/cmake --build /home/mira/biped_ws/build/biped_description -- -j32 -l32
[0.478s] Invoking command in '/home/mira/biped_ws/build/biped_description': CMAKE_PREFIX_PATH=/opt/ros/humble /usr/bin/cmake --install /home/mira/biped_ws/build/biped_description
[0.481s] -- Install configuration: ""
[0.481s] -- Installing: /home/mira/biped_ws/install/biped_description/share/biped_description//launch
[0.481s] -- Installing: /home/mira/biped_ws/install/biped_description/share/biped_description//launch/biped_description_launch.py
[0.481s] -- Installing: /home/mira/biped_ws/install/biped_description/share/biped_description//urdf
[0.482s] -- Installing: /home/mira/biped_ws/install/biped_description/share/biped_description//urdf/SF_bipedal_duplicate.urdf
[0.482s] -- Installing: /home/mira/biped_ws/install/biped_description/share/biped_description//urdf/extra_foot.urdf
[0.482s] -- Installing: /home/mira/biped_ws/install/biped_description/share/biped_description//urdf/bipedal.urdf.xacro
[0.482s] -- Installing: /home/mira/biped_ws/install/biped_description/share/biped_description//urdf/meshes
[0.482s] -- Installing: /home/mira/biped_ws/install/biped_description/share/biped_description//urdf/meshes/right_knee_link.STL
[0.482s] -- Installing: /home/mira/biped_ws/install/biped_description/share/biped_description//urdf/meshes/base_link.STL
[0.482s] -- Installing: /home/mira/biped_ws/install/biped_description/share/biped_description//urdf/meshes/left_hip_pitch_link.STL
[0.482s] -- Installing: /home/mira/biped_ws/install/biped_description/share/biped_description//urdf/meshes/left_hip_roll_link.STL
[0.482s] -- Installing: /home/mira/biped_ws/install/biped_description/share/biped_description//urdf/meshes/right_hip_roll_link.STL
[0.482s] -- Installing: /home/mira/biped_ws/install/biped_description/share/biped_description//urdf/meshes/right_hip_pitch_link.STL
[0.482s] -- Installing: /home/mira/biped_ws/install/biped_description/share/biped_description//urdf/meshes/left_knee_link.STL
[0.483s] -- Installing: /home/mira/biped_ws/install/biped_description/share/ament_index/resource_index/package_run_dependencies/biped_description
[0.483s] -- Installing: /home/mira/biped_ws/install/biped_description/share/ament_index/resource_index/parent_prefix_path/biped_description
[0.483s] -- Installing: /home/mira/biped_ws/install/biped_description/share/biped_description/environment/ament_prefix_path.sh
[0.483s] -- Installing: /home/mira/biped_ws/install/biped_description/share/biped_description/environment/ament_prefix_path.dsv
[0.483s] -- Installing: /home/mira/biped_ws/install/biped_description/share/biped_description/environment/path.sh
[0.483s] -- Installing: /home/mira/biped_ws/install/biped_description/share/biped_description/environment/path.dsv
[0.483s] -- Installing: /home/mira/biped_ws/install/biped_description/share/biped_description/local_setup.bash
[0.483s] -- Installing: /home/mira/biped_ws/install/biped_description/share/biped_description/local_setup.sh
[0.483s] -- Installing: /home/mira/biped_ws/install/biped_description/share/biped_description/local_setup.zsh
[0.483s] -- Installing: /home/mira/biped_ws/install/biped_description/share/biped_description/local_setup.dsv
[0.483s] -- Installing: /home/mira/biped_ws/install/biped_description/share/biped_description/package.dsv
[0.483s] -- Installing: /home/mira/biped_ws/install/biped_description/share/ament_index/resource_index/packages/biped_description
[0.483s] -- Installing: /home/mira/biped_ws/install/biped_description/share/biped_description/cmake/biped_descriptionConfig.cmake
[0.483s] -- Installing: /home/mira/biped_ws/install/biped_description/share/biped_description/cmake/biped_descriptionConfig-version.cmake
[0.483s] -- Installing: /home/mira/biped_ws/install/biped_description/share/biped_description/package.xml
[0.484s] Invoked command in '/home/mira/biped_ws/build/biped_description' returned '0': CMAKE_PREFIX_PATH=/opt/ros/humble /usr/bin/cmake --install /home/mira/biped_ws/build/biped_description
