[0.007s] Invoking command in '/home/mira/biped_ws/build/biped_description': CMAKE_PREFIX_PATH=${CMAKE_PREFIX_PATH}:/opt/ros/humble /usr/bin/cmake --build /home/mira/biped_ws/build/biped_description -- -j32 -l32
[0.022s] -- Found ament_cmake: 1.3.12 (/opt/ros/humble/share/ament_cmake/cmake)
[0.103s] -- Found ament_lint_auto: 0.12.14 (/opt/ros/humble/share/ament_lint_auto/cmake)
[0.145s] -- Added test 'flake8' to check Python code syntax and style conventions
[0.145s] -- Added test 'lint_cmake' to check CMake code style
[0.145s] -- Added test 'pep257' to check Python code against some of the docstring style conventions in PEP 257
[0.146s] -- Added test 'xmllint' to check XML markup files
[0.146s] -- Configuring done
[0.147s] -- Generating done
[0.148s] -- Build files have been written to: /home/mira/biped_ws/build/biped_description
[0.163s] Invoked command in '/home/mira/biped_ws/build/biped_description' returned '0': CMAKE_PREFIX_PATH=${CMAKE_PREFIX_PATH}:/opt/ros/humble /usr/bin/cmake --build /home/mira/biped_ws/build/biped_description -- -j32 -l32
[0.169s] Invoking command in '/home/mira/biped_ws/build/biped_description': CMAKE_PREFIX_PATH=${CMAKE_PREFIX_PATH}:/opt/ros/humble /usr/bin/cmake --install /home/mira/biped_ws/build/biped_description
[0.174s] -- Install configuration: ""
[0.174s] -- Up-to-date: /home/mira/biped_ws/install/biped_description/share/biped_description//launch
[0.174s] -- Up-to-date: /home/mira/biped_ws/install/biped_description/share/biped_description//launch/biped_description_launch.py
[0.174s] -- Up-to-date: /home/mira/biped_ws/install/biped_description/share/biped_description//urdf
[0.174s] -- Up-to-date: /home/mira/biped_ws/install/biped_description/share/biped_description//urdf/SF_bipedal_duplicate.urdf
[0.174s] -- Up-to-date: /home/mira/biped_ws/install/biped_description/share/biped_description//urdf/extra_foot.urdf
[0.174s] -- Up-to-date: /home/mira/biped_ws/install/biped_description/share/biped_description//urdf/bipedal.urdf.xacro
[0.174s] -- Up-to-date: /home/mira/biped_ws/install/biped_description/share/biped_description//meshes
[0.174s] -- Up-to-date: /home/mira/biped_ws/install/biped_description/share/biped_description//meshes/right_knee_link.STL
[0.174s] -- Up-to-date: /home/mira/biped_ws/install/biped_description/share/biped_description//meshes/base_link.STL
[0.174s] -- Up-to-date: /home/mira/biped_ws/install/biped_description/share/biped_description//meshes/left_hip_pitch_link.STL
[0.174s] -- Up-to-date: /home/mira/biped_ws/install/biped_description/share/biped_description//meshes/left_hip_roll_link.STL
[0.174s] -- Up-to-date: /home/mira/biped_ws/install/biped_description/share/biped_description//meshes/right_hip_roll_link.STL
[0.174s] -- Up-to-date: /home/mira/biped_ws/install/biped_description/share/biped_description//meshes/right_hip_pitch_link.STL
[0.174s] -- Up-to-date: /home/mira/biped_ws/install/biped_description/share/biped_description//meshes/left_knee_link.STL
[0.174s] -- Installing: /home/mira/biped_ws/install/biped_description/share/biped_description//rviz
[0.174s] -- Installing: /home/mira/biped_ws/install/biped_description/share/biped_description//rviz/visualise_robot.rviz
[0.174s] -- Up-to-date: /home/mira/biped_ws/install/biped_description/share/ament_index/resource_index/package_run_dependencies/biped_description
[0.175s] -- Up-to-date: /home/mira/biped_ws/install/biped_description/share/ament_index/resource_index/parent_prefix_path/biped_description
[0.175s] -- Up-to-date: /home/mira/biped_ws/install/biped_description/share/biped_description/environment/ament_prefix_path.sh
[0.175s] -- Installing: /home/mira/biped_ws/install/biped_description/share/biped_description/environment/ament_prefix_path.dsv
[0.175s] -- Up-to-date: /home/mira/biped_ws/install/biped_description/share/biped_description/environment/path.sh
[0.175s] -- Installing: /home/mira/biped_ws/install/biped_description/share/biped_description/environment/path.dsv
[0.175s] -- Up-to-date: /home/mira/biped_ws/install/biped_description/share/biped_description/local_setup.bash
[0.175s] -- Up-to-date: /home/mira/biped_ws/install/biped_description/share/biped_description/local_setup.sh
[0.175s] -- Up-to-date: /home/mira/biped_ws/install/biped_description/share/biped_description/local_setup.zsh
[0.175s] -- Installing: /home/mira/biped_ws/install/biped_description/share/biped_description/local_setup.dsv
[0.175s] -- Installing: /home/mira/biped_ws/install/biped_description/share/biped_description/package.dsv
[0.175s] -- Up-to-date: /home/mira/biped_ws/install/biped_description/share/ament_index/resource_index/packages/biped_description
[0.175s] -- Up-to-date: /home/mira/biped_ws/install/biped_description/share/biped_description/cmake/biped_descriptionConfig.cmake
[0.176s] -- Up-to-date: /home/mira/biped_ws/install/biped_description/share/biped_description/cmake/biped_descriptionConfig-version.cmake
[0.176s] -- Up-to-date: /home/mira/biped_ws/install/biped_description/share/biped_description/package.xml
[0.176s] Invoked command in '/home/mira/biped_ws/build/biped_description' returned '0': CMAKE_PREFIX_PATH=${CMAKE_PREFIX_PATH}:/opt/ros/humble /usr/bin/cmake --install /home/mira/biped_ws/build/biped_description
