[0.006s] Invoking command in '/home/mira/biped_ws/build/biped_description': CMAKE_PREFIX_PATH=${CMAKE_PREFIX_PATH}:/opt/ros/humble /usr/bin/cmake --build /home/mira/biped_ws/build/biped_description -- -j32 -l32
[0.031s] Invoked command in '/home/mira/biped_ws/build/biped_description' returned '0': CMAKE_PREFIX_PATH=${CMAKE_PREFIX_PATH}:/opt/ros/humble /usr/bin/cmake --build /home/mira/biped_ws/build/biped_description -- -j32 -l32
[0.038s] Invoking command in '/home/mira/biped_ws/build/biped_description': CMAKE_PREFIX_PATH=${CMAKE_PREFIX_PATH}:/opt/ros/humble /usr/bin/cmake --install /home/mira/biped_ws/build/biped_description
[0.043s] -- Install configuration: ""
[0.043s] -- Up-to-date: /home/mira/biped_ws/install/biped_description/share/biped_description//launch
[0.043s] -- Up-to-date: /home/mira/biped_ws/install/biped_description/share/biped_description//launch/biped_description_launch.py
[0.043s] -- Up-to-date: /home/mira/biped_ws/install/biped_description/share/biped_description//urdf
[0.043s] -- Up-to-date: /home/mira/biped_ws/install/biped_description/share/biped_description//urdf/SF_bipedal_duplicate.urdf
[0.043s] -- Up-to-date: /home/mira/biped_ws/install/biped_description/share/biped_description//urdf/extra_foot.urdf
[0.043s] -- Installing: /home/mira/biped_ws/install/biped_description/share/biped_description//urdf/bipedal.urdf.xacro
[0.043s] -- Up-to-date: /home/mira/biped_ws/install/biped_description/share/biped_description//meshes
[0.043s] -- Up-to-date: /home/mira/biped_ws/install/biped_description/share/biped_description//meshes/right_knee_link.STL
[0.043s] -- Up-to-date: /home/mira/biped_ws/install/biped_description/share/biped_description//meshes/base_link.STL
[0.043s] -- Up-to-date: /home/mira/biped_ws/install/biped_description/share/biped_description//meshes/left_hip_pitch_link.STL
[0.043s] -- Up-to-date: /home/mira/biped_ws/install/biped_description/share/biped_description//meshes/left_hip_roll_link.STL
[0.043s] -- Up-to-date: /home/mira/biped_ws/install/biped_description/share/biped_description//meshes/right_hip_roll_link.STL
[0.043s] -- Up-to-date: /home/mira/biped_ws/install/biped_description/share/biped_description//meshes/right_hip_pitch_link.STL
[0.043s] -- Up-to-date: /home/mira/biped_ws/install/biped_description/share/biped_description//meshes/left_knee_link.STL
[0.043s] -- Up-to-date: /home/mira/biped_ws/install/biped_description/share/ament_index/resource_index/package_run_dependencies/biped_description
[0.043s] -- Up-to-date: /home/mira/biped_ws/install/biped_description/share/ament_index/resource_index/parent_prefix_path/biped_description
[0.043s] -- Up-to-date: /home/mira/biped_ws/install/biped_description/share/biped_description/environment/ament_prefix_path.sh
[0.043s] -- Up-to-date: /home/mira/biped_ws/install/biped_description/share/biped_description/environment/ament_prefix_path.dsv
[0.043s] -- Up-to-date: /home/mira/biped_ws/install/biped_description/share/biped_description/environment/path.sh
[0.043s] -- Up-to-date: /home/mira/biped_ws/install/biped_description/share/biped_description/environment/path.dsv
[0.043s] -- Up-to-date: /home/mira/biped_ws/install/biped_description/share/biped_description/local_setup.bash
[0.043s] -- Up-to-date: /home/mira/biped_ws/install/biped_description/share/biped_description/local_setup.sh
[0.043s] -- Up-to-date: /home/mira/biped_ws/install/biped_description/share/biped_description/local_setup.zsh
[0.043s] -- Up-to-date: /home/mira/biped_ws/install/biped_description/share/biped_description/local_setup.dsv
[0.043s] -- Up-to-date: /home/mira/biped_ws/install/biped_description/share/biped_description/package.dsv
[0.043s] -- Up-to-date: /home/mira/biped_ws/install/biped_description/share/ament_index/resource_index/packages/biped_description
[0.043s] -- Up-to-date: /home/mira/biped_ws/install/biped_description/share/biped_description/cmake/biped_descriptionConfig.cmake
[0.043s] -- Up-to-date: /home/mira/biped_ws/install/biped_description/share/biped_description/cmake/biped_descriptionConfig-version.cmake
[0.043s] -- Up-to-date: /home/mira/biped_ws/install/biped_description/share/biped_description/package.xml
[0.044s] Invoked command in '/home/mira/biped_ws/build/biped_description' returned '0': CMAKE_PREFIX_PATH=${CMAKE_PREFIX_PATH}:/opt/ros/humble /usr/bin/cmake --install /home/mira/biped_ws/build/biped_description
