-- Install configuration: ""
-- Up-to-date: /home/mira/biped_ws/install/biped_description/share/biped_description//launch
-- Installing: /home/mira/biped_ws/install/biped_description/share/biped_description//launch/biped_description_launch.py
-- Up-to-date: /home/mira/biped_ws/install/biped_description/share/biped_description//urdf
-- Up-to-date: /home/mira/biped_ws/install/biped_description/share/biped_description//urdf/SF_bipedal_duplicate.urdf
-- Up-to-date: /home/mira/biped_ws/install/biped_description/share/biped_description//urdf/extra_foot.urdf
-- Up-to-date: /home/mira/biped_ws/install/biped_description/share/biped_description//urdf/bipedal.urdf.xacro
-- Up-to-date: /home/mira/biped_ws/install/biped_description/share/biped_description//urdf/meshes
-- Up-to-date: /home/mira/biped_ws/install/biped_description/share/biped_description//urdf/meshes/right_knee_link.STL
-- Up-to-date: /home/mira/biped_ws/install/biped_description/share/biped_description//urdf/meshes/base_link.STL
-- Up-to-date: /home/mira/biped_ws/install/biped_description/share/biped_description//urdf/meshes/left_hip_pitch_link.STL
-- Up-to-date: /home/mira/biped_ws/install/biped_description/share/biped_description//urdf/meshes/left_hip_roll_link.STL
-- Up-to-date: /home/mira/biped_ws/install/biped_description/share/biped_description//urdf/meshes/right_hip_roll_link.STL
-- Up-to-date: /home/mira/biped_ws/install/biped_description/share/biped_description//urdf/meshes/right_hip_pitch_link.STL
-- Up-to-date: /home/mira/biped_ws/install/biped_description/share/biped_description//urdf/meshes/left_knee_link.STL
-- Up-to-date: /home/mira/biped_ws/install/biped_description/share/ament_index/resource_index/package_run_dependencies/biped_description
-- Up-to-date: /home/mira/biped_ws/install/biped_description/share/ament_index/resource_index/parent_prefix_path/biped_description
-- Up-to-date: /home/mira/biped_ws/install/biped_description/share/biped_description/environment/ament_prefix_path.sh
-- Up-to-date: /home/mira/biped_ws/install/biped_description/share/biped_description/environment/ament_prefix_path.dsv
-- Up-to-date: /home/mira/biped_ws/install/biped_description/share/biped_description/environment/path.sh
-- Up-to-date: /home/mira/biped_ws/install/biped_description/share/biped_description/environment/path.dsv
-- Up-to-date: /home/mira/biped_ws/install/biped_description/share/biped_description/local_setup.bash
-- Up-to-date: /home/mira/biped_ws/install/biped_description/share/biped_description/local_setup.sh
-- Up-to-date: /home/mira/biped_ws/install/biped_description/share/biped_description/local_setup.zsh
-- Up-to-date: /home/mira/biped_ws/install/biped_description/share/biped_description/local_setup.dsv
-- Up-to-date: /home/mira/biped_ws/install/biped_description/share/biped_description/package.dsv
-- Up-to-date: /home/mira/biped_ws/install/biped_description/share/ament_index/resource_index/packages/biped_description
-- Up-to-date: /home/mira/biped_ws/install/biped_description/share/biped_description/cmake/biped_descriptionConfig.cmake
-- Up-to-date: /home/mira/biped_ws/install/biped_description/share/biped_description/cmake/biped_descriptionConfig-version.cmake
-- Up-to-date: /home/mira/biped_ws/install/biped_description/share/biped_description/package.xml
